\BOOKMARK [0][-]{chapter*.1}{Agradecimientos}{}% 1
\BOOKMARK [0][-]{chapter*.2}{Resumen}{}% 2
\BOOKMARK [0][-]{chapter*.4}{Abstract}{}% 3
\BOOKMARK [0][-]{chapter.1}{Introducci\363n}{}% 4
\BOOKMARK [1][-]{section.1.1}{Rob\363tica}{chapter.1}% 5
\BOOKMARK [1][-]{section.1.2}{Rob\363tica M\363vil}{chapter.1}% 6
\BOOKMARK [1][-]{section.1.3}{Motivaci\363n del proyecto}{chapter.1}% 7
\BOOKMARK [0][-]{chapter.2}{Estado del arte}{}% 8
\BOOKMARK [1][-]{section.2.1}{Hardware en rob\363tica m\363vil}{chapter.2}% 9
\BOOKMARK [1][-]{section.2.2}{Sensores en rob\363tica m\363vil}{chapter.2}% 10
\BOOKMARK [2][-]{subsection.2.2.1}{Sensores internos}{section.2.2}% 11
\BOOKMARK [2][-]{subsection.2.2.2}{Sensores externos}{section.2.2}% 12
\BOOKMARK [1][-]{section.2.3}{Control en la rob\363tica m\363vil actual}{chapter.2}% 13
\BOOKMARK [1][-]{section.2.4}{Aplicaciones actuales de la rob\363tica m\363vil}{chapter.2}% 14
\BOOKMARK [0][-]{chapter.3}{Alcance y objetivos del proyecto}{}% 15
\BOOKMARK [1][-]{section.3.1}{Prop\363sito y alcance}{chapter.3}% 16
\BOOKMARK [1][-]{section.3.2}{Objetivos}{chapter.3}% 17
\BOOKMARK [0][-]{chapter.4}{Desarrollo del proyecto}{}% 18
\BOOKMARK [1][-]{section.4.1}{Planteamiento}{chapter.4}% 19
\BOOKMARK [1][-]{section.4.2}{Planificaci\363n del proyecto}{chapter.4}% 20
\BOOKMARK [1][-]{section.4.3}{Tecnolog\355as empleadas en el proyecto}{chapter.4}% 21
\BOOKMARK [1][-]{section.4.4}{Herramientas utilizadas en el proyecto}{chapter.4}% 22
\BOOKMARK [1][-]{section.4.5}{Hardware}{chapter.4}% 23
\BOOKMARK [2][-]{subsection.4.5.1}{Pioneer 3 AT}{section.4.5}% 24
\BOOKMARK [2][-]{subsection.4.5.2}{Sensor Kinect}{section.4.5}% 25
\BOOKMARK [2][-]{subsection.4.5.3}{L\341ser SICK LMS100}{section.4.5}% 26
\BOOKMARK [0][-]{chapter.5}{Arquitectura}{}% 27
\BOOKMARK [1][-]{section.5.1}{Arquitectura general}{chapter.5}% 28
\BOOKMARK [1][-]{section.5.2}{Arquitectura del proyecto}{chapter.5}% 29
\BOOKMARK [0][-]{chapter.6}{Entorno ROS}{}% 30
\BOOKMARK [1][-]{section.6.1}{Configuraci\363n de ROS}{chapter.6}% 31
\BOOKMARK [1][-]{section.6.2}{Configuraci\363n de los paquetes ROS}{chapter.6}% 32
\BOOKMARK [1][-]{section.6.3}{Control teleoprado}{chapter.6}% 33
\BOOKMARK [1][-]{section.6.4}{Navegaci\363n aut\363noma}{chapter.6}% 34
\BOOKMARK [1][-]{section.6.5}{Guiado mediante sensor Kinect}{chapter.6}% 35
\BOOKMARK [0][-]{chapter.7}{Dise\361o del sistema}{}% 36
\BOOKMARK [1][-]{section.7.1}{Jerarquizaci\363n de tareas}{chapter.7}% 37
\BOOKMARK [1][-]{section.7.2}{Control de acciones mediante comandos de voz}{chapter.7}% 38
\BOOKMARK [1][-]{section.7.3}{Ejecuci\363n aut\363noma de los nodos}{chapter.7}% 39
\BOOKMARK [0][-]{chapter.8}{Implementaci\363n del sistema}{}% 40
\BOOKMARK [1][-]{section.8.1}{Ejecuci\363n en el arranque}{chapter.8}% 41
\BOOKMARK [1][-]{section.8.2}{Nodo de ejecuci\363n autom\341tica de nodos}{chapter.8}% 42
\BOOKMARK [1][-]{section.8.3}{Reconocimiento de comandos de voz}{chapter.8}% 43
\BOOKMARK [1][-]{section.8.4}{Feedback mediante text-to-speech}{chapter.8}% 44
\BOOKMARK [1][-]{section.8.5}{Nodo de navegaci\363n}{chapter.8}% 45
\BOOKMARK [1][-]{section.8.6}{Nodo de guiado}{chapter.8}% 46
\BOOKMARK [1][-]{section.8.7}{Nodo de mapeo: slam gmapping}{chapter.8}% 47
\BOOKMARK [0][-]{chapter.9}{Pruebas del sistema}{}% 48
\BOOKMARK [1][-]{section.9.1}{Simulaci\363n}{chapter.9}% 49
\BOOKMARK [1][-]{section.9.2}{Visualizaci\363n mediante RViz}{chapter.9}% 50
\BOOKMARK [1][-]{section.9.3}{Pruebas reales}{chapter.9}% 51
\BOOKMARK [0][-]{chapter.10}{Conclusion}{}% 52
\BOOKMARK [1][-]{section.10.1}{Conclusi\363n sobre la metodolog\355a}{chapter.10}% 53
\BOOKMARK [1][-]{section.10.2}{Conclusi\363n sobre los resultados}{chapter.10}% 54
\BOOKMARK [1][-]{section.10.3}{Desarrollos futuros}{chapter.10}% 55
\BOOKMARK [0][-]{chapter.11}{Anexo I: Configuraci\363n del sistema}{}% 56
\BOOKMARK [1][-]{section.11.1}{Configuraci\363n del espacio de trabajo}{chapter.11}% 57
\BOOKMARK [2][-]{subsection.11.1.1}{Instalaci\363n de las librer\355as}{section.11.1}% 58
\BOOKMARK [2][-]{subsection.11.1.2}{Gesti\363n de las dependencias}{section.11.1}% 59
\BOOKMARK [1][-]{section.11.2}{Configuraci\363n del hardware}{chapter.11}% 60
\BOOKMARK [2][-]{subsection.11.2.1}{Calibraci\363n de los encoders}{section.11.2}% 61
\BOOKMARK [2][-]{subsection.11.2.2}{Ordenador de abordo}{section.11.2}% 62
\BOOKMARK [2][-]{subsection.11.2.3}{Sensor Kinect}{section.11.2}% 63
\BOOKMARK [2][-]{subsection.11.2.4}{L\341ser SICK LMS100}{section.11.2}% 64
